<?xml version="1.0" encoding="UTF-8" ?>
<testsuite tests="7" failures="0" name="org.apache.commons.logging.jdk14.CustomConfigTestCase" time="0.021" errors="0" skipped="0">
  <properties>
[...]
</properties>
  <testcase classname="org.apache.commons.logging.jdk14.CustomConfigTestCase" name="testExceptionMessages" time="0.012"/>
  <testcase classname="org.apache.commons.logging.jdk14.CustomConfigTestCase" name="testPlainMessages" time="0.004"/>
  <testcase classname="org.apache.commons.logging.jdk14.CustomConfigTestCase" name="testPristineHandlers" time="0"/>
  <testcase classname="org.apache.commons.logging.jdk14.CustomConfigTestCase" name="testPristineLogger" time="0.001"/>
  <testcase classname="org.apache.commons.logging.jdk14.CustomConfigTestCase" name="testSerializable" time="0.003"/>
  <testcase classname="org.apache.commons.logging.jdk14.CustomConfigTestCase" name="testPristineFactory" time="0.001"/>
  <testcase classname="org.apache.commons.logging.jdk14.CustomConfigTestCase" name="testPristineLog" time="0"/>
</testsuite>